<?xml version="1.0" encoding="UTF-8"?>
<testsuite xmlns:xsi="http://www.w3.org/2001/XMLSchema-instance" xsi:noNamespaceSchemaLocation="https://maven.apache.org/surefire/maven-surefire-plugin/xsd/surefire-test-report-3.0.xsd" version="3.0" name="TestSuite" time="0.272" tests="2" errors="0" skipped="0" failures="0">
  <properties>
[...]
</properties>
  <testcase name="Test_Print_01" classname="SimpleTests.TestSuite_SimpleTests_01_NoGUI" time="0.003">
    <system-out><![CDATA[This came from Test_Print_01
]]></system-out>
  </testcase>
  <testcase name="Test_Print_02" classname="SimpleTests.TestSuite_SimpleTests_01_NoGUI" time="0">
    <system-out><![CDATA[This came from Test_Print_02
]]></system-out>
  </testcase>
</testsuite>