<?xml version="1.0" encoding="UTF-8"?>
<testng-results ignored="0" total="2" passed="2" failed="0" skipped="0">
  <reporter-output>
  </reporter-output>
  <suite started-at="2023-12-12T19:12:02 PST" name="Suite" finished-at="2023-12-12T19:12:02 PST" duration-ms="27">
    <groups>
    </groups>
    <test started-at="2023-12-12T19:12:02 PST" name="Test" finished-at="2023-12-12T19:12:02 PST" duration-ms="27">
      <class name="SimpleTests.TestSuite_SimpleTests_01_NoGUI">
        <test-method signature="Test_Print_01()[pri:0, instance:SimpleTests.TestSuite_SimpleTests_01_NoGUI@229d10bd]" started-at="2023-12-12T19:12:02 PST" name="Test_Print_01" finished-at="2023-12-12T19:12:02 PST" duration-ms="3" status="PASS">
          <reporter-output>
          </reporter-output>
        </test-method> <!-- Test_Print_01 -->
        <test-method signature="Test_Print_02()[pri:0, instance:SimpleTests.TestSuite_SimpleTests_01_NoGUI@229d10bd]" started-at="2023-12-12T19:12:02 PST" name="Test_Print_02" finished-at="2023-12-12T19:12:02 PST" duration-ms="0" status="PASS">
          <reporter-output>
          </reporter-output>
        </test-method> <!-- Test_Print_02 -->
      </class> <!-- SimpleTests.TestSuite_SimpleTests_01_NoGUI -->
    </test> <!-- Test -->
  </suite> <!-- Suite -->
</testng-results>
